Build started 9/20/2013 11:45:25 AM.
     1>Project "C:\Users\d3j835\Documents\GitHub\trial\githubtrialsept20\githubtrialsept20.vcxproj" on node 2 (build target(s)).
     1>InitializeBuildStatus:
         Creating "Debug\githubtrialsept20.unsuccessfulbuild" because "AlwaysCreate" was specified.
       ClCompile:
         c:\Program Files (x86)\Microsoft Visual Studio 10.0\VC\bin\CL.exe /c /ZI /nologo /W3 /WX- /Od /Oy- /D WIN32 /D _DEBUG /D _CONSOLE /D _UNICODE /D UNICODE /Gm /EHsc /RTC1 /MDd /GS /fp:precise /Zc:wchar_t /Zc:forScope /Fo"Debug\\" /Fd"Debug\vc100.pdb" /Gd /TP /analyze- /errorReport:prompt helloworld.cpp
         helloworld.cpp
       ManifestResourceCompile:
         All outputs are up-to-date.
       Link:
         c:\Program Files (x86)\Microsoft Visual Studio 10.0\VC\bin\link.exe /ERRORREPORT:PROMPT /OUT:"C:\Users\d3j835\Documents\GitHub\trial\Debug\githubtrialsept20.exe" /INCREMENTAL /NOLOGO kernel32.lib user32.lib gdi32.lib winspool.lib comdlg32.lib advapi32.lib shell32.lib ole32.lib oleaut32.lib uuid.lib odbc32.lib odbccp32.lib /MANIFEST /ManifestFile:"Debug\githubtrialsept20.exe.intermediate.manifest" /MANIFESTUAC:"level='asInvoker' uiAccess='false'" /DEBUG /PDB:"C:\Users\d3j835\Documents\GitHub\trial\Debug\githubtrialsept20.pdb" /SUBSYSTEM:CONSOLE /TLBID:1 /DYNAMICBASE /NXCOMPAT /IMPLIB:"C:\Users\d3j835\Documents\GitHub\trial\Debug\githubtrialsept20.lib" /MACHINE:X86 Debug\githubtrialsept20.exe.embed.manifest.res
         Debug\helloworld.obj
       Manifest:
         C:\Program Files (x86)\Microsoft SDKs\Windows\v7.0A\bin\mt.exe /nologo /verbose /out:"Debug\githubtrialsept20.exe.embed.manifest" /manifest Debug\githubtrialsept20.exe.intermediate.manifest
         All outputs are up-to-date.
       LinkEmbedManifest:
         All outputs are up-to-date.
         githubtrialsept20.vcxproj -> C:\Users\d3j835\Documents\GitHub\trial\Debug\githubtrialsept20.exe
       FinalizeBuildStatus:
         Deleting file "Debug\githubtrialsept20.unsuccessfulbuild".
         Touching "Debug\githubtrialsept20.lastbuildstate".
     1>Done Building Project "C:\Users\d3j835\Documents\GitHub\trial\githubtrialsept20\githubtrialsept20.vcxproj" (build target(s)).

Build succeeded.

Time Elapsed 00:00:01.60
